app/build/outputs/logs/manifest-merger-debug-report.txt
-- Merging decision tree log ---
manifest
ADDED from src/main/AndroidManifest.xml:16:1-171:12
	xmlns:android
		ADDED from src/main/AndroidManifest.xml:16:11-69
	package
		ADDED from src/main/AndroidManifest.xml:17:5-47
		INJECTED from src/main/AndroidManifest.xml
		INJECTED from src/main/AndroidManifest.xml
	android:versionName
		INJECTED from src/main/AndroidManifest.xml
		INJECTED from src/main/AndroidManifest.xml
	android:versionCode
		INJECTED from src/main/AndroidManifest.xml
		INJECTED from src/main/AndroidManifest.xml
uses-permission#android.permission.INTERNET
ADDED from src/main/AndroidManifest.xml:20:5-67
MERGED from [com.google.android.gms:play-services-measurement:8.3.0] AndroidManifest.xml:21:5-67
MERGED from [com.google.android.gms:play-services-gcm:8.3.0] AndroidManifest.xml:22:5-67
MERGED from [com.google.android.gms:play-services-measurement:8.3.0] AndroidManifest.xml:21:5-67
	android:name
		ADDED from src/main/AndroidManifest.xml:20:22-64
uses-permission#android.permission.READ_SYNC_SETTINGS
ADDED from src/main/AndroidManifest.xml:23:5-77
	android:name
		ADDED from src/main/AndroidManifest.xml:23:22-74
uses-permission#android.permission.WRITE_SYNC_SETTINGS
ADDED from src/main/AndroidManifest.xml:24:5-78
	android:name
		ADDED from src/main/AndroidManifest.xml:24:22-75
uses-permission#android.permission.AUTHENTICATE_ACCOUNTS
ADDED from src/main/AndroidManifest.xml:25:5-80
	android:name
		ADDED from src/main/AndroidManifest.xml:25:22-77
uses-permission#android.permission.ACCESS_NETWORK_STATE
ADDED from src/main/AndroidManifest.xml:28:5-79
MERGED from [com.google.android.gms:play-services-measurement:8.3.0] AndroidManifest.xml:22:5-79
MERGED from [com.google.android.gms:play-services-measurement:8.3.0] AndroidManifest.xml:22:5-79
	android:name
		ADDED from src/main/AndroidManifest.xml:28:22-76
uses-permission#android.permission.WAKE_LOCK
ADDED from src/main/AndroidManifest.xml:31:5-68
MERGED from [com.google.android.gms:play-services-measurement:8.3.0] AndroidManifest.xml:24:5-67
MERGED from [com.google.android.gms:play-services-measurement:8.3.0] AndroidManifest.xml:24:5-67
	android:name
		ADDED from src/main/AndroidManifest.xml:31:22-65
uses-permission#com.google.android.c2dm.permission.RECEIVE
ADDED from src/main/AndroidManifest.xml:32:5-82
MERGED from [com.google.android.gms:play-services-gcm:8.3.0] AndroidManifest.xml:21:5-82
	android:name
		ADDED from src/main/AndroidManifest.xml:32:22-79
permission#com.example.android.sunshine.app.permission.C2D_MESSAGE
ADDED from src/main/AndroidManifest.xml:34:5-36:47
	android:protectionLevel
		ADDED from src/main/AndroidManifest.xml:36:9-44
	android:name
		ADDED from src/main/AndroidManifest.xml:35:9-79
uses-permission#com.example.android.sunshine.app.permission.C2D_MESSAGE
ADDED from src/main/AndroidManifest.xml:38:5-95
	android:name
		ADDED from src/main/AndroidManifest.xml:38:22-92
application
ADDED from src/main/AndroidManifest.xml:40:5-169:19
MERGED from [com.google.android.gms:play-services-measurement:8.3.0] AndroidManifest.xml:26:5-46:19
MERGED from [com.google.android.gms:play-services-basement:8.3.0] AndroidManifest.xml:20:5-24:19
MERGED from [com.android.support:support-v4:23.3.0] AndroidManifest.xml:22:5-20
MERGED from [com.android.support:appcompat-v7:23.3.0] AndroidManifest.xml:25:5-20
MERGED from [com.android.support:support-vector-drawable:23.3.0] AndroidManifest.xml:7:5-20
MERGED from [com.android.support:support-v4:23.3.0] AndroidManifest.xml:22:5-20
MERGED from [com.android.support:animated-vector-drawable:23.3.0] AndroidManifest.xml:7:5-20
MERGED from [com.android.support:support-vector-drawable:23.3.0] AndroidManifest.xml:7:5-20
MERGED from [com.android.support:support-v4:23.3.0] AndroidManifest.xml:22:5-20
MERGED from [com.android.support:support-v4:23.3.0] AndroidManifest.xml:22:5-20
MERGED from [com.google.android.gms:play-services-gcm:8.3.0] AndroidManifest.xml:24:5-20
MERGED from [com.google.android.gms:play-services-basement:8.3.0] AndroidManifest.xml:20:5-24:19
MERGED from [com.android.support:support-v4:23.3.0] AndroidManifest.xml:22:5-20
MERGED from [com.google.android.gms:play-services-measurement:8.3.0] AndroidManifest.xml:26:5-46:19
MERGED from [com.google.android.gms:play-services-basement:8.3.0] AndroidManifest.xml:20:5-24:19
MERGED from [com.android.support:support-v4:23.3.0] AndroidManifest.xml:22:5-20
MERGED from [com.android.support:gridlayout-v7:23.3.0] AndroidManifest.xml:22:5-20
MERGED from [com.android.support:support-v4:23.3.0] AndroidManifest.xml:22:5-20
MERGED from [com.android.support:cardview-v7:23.3.0] AndroidManifest.xml:22:5-20
MERGED from [com.android.support:support-v4:23.3.0] AndroidManifest.xml:22:5-20
MERGED from [com.android.support:design:23.3.0] AndroidManifest.xml:22:5-20
MERGED from [com.android.support:appcompat-v7:23.3.0] AndroidManifest.xml:25:5-20
MERGED from [com.android.support:support-vector-drawable:23.3.0] AndroidManifest.xml:7:5-20
MERGED from [com.android.support:support-v4:23.3.0] AndroidManifest.xml:22:5-20
MERGED from [com.android.support:animated-vector-drawable:23.3.0] AndroidManifest.xml:7:5-20
MERGED from [com.android.support:support-vector-drawable:23.3.0] AndroidManifest.xml:7:5-20
MERGED from [com.android.support:support-v4:23.3.0] AndroidManifest.xml:22:5-20
MERGED from [com.android.support:support-v4:23.3.0] AndroidManifest.xml:22:5-20
MERGED from [com.android.support:support-v4:23.3.0] AndroidManifest.xml:22:5-20
MERGED from [com.android.support:support-v4:23.3.0] AndroidManifest.xml:22:5-20
	android:supportsRtl
		ADDED from src/main/AndroidManifest.xml:44:9-35
	android:label
		ADDED from src/main/AndroidManifest.xml:43:9-41
	android:allowBackup
		ADDED from src/main/AndroidManifest.xml:41:9-35
	android:icon
		ADDED from src/main/AndroidManifest.xml:42:9-43
	android:theme
		ADDED from src/main/AndroidManifest.xml:45:9-40
activity#com.example.android.sunshine.app.MainActivity
ADDED from src/main/AndroidManifest.xml:46:9-55:20
	android:label
		ADDED from src/main/AndroidManifest.xml:48:13-45
	android:theme
		ADDED from src/main/AndroidManifest.xml:49:13-49
	android:name
		ADDED from src/main/AndroidManifest.xml:47:13-41
intent-filter#android.intent.action.MAIN+android.intent.category.LAUNCHER
ADDED from src/main/AndroidManifest.xml:50:13-54:29
action#android.intent.action.MAIN
ADDED from src/main/AndroidManifest.xml:51:17-69
	android:name
		ADDED from src/main/AndroidManifest.xml:51:25-66
category#android.intent.category.LAUNCHER
ADDED from src/main/AndroidManifest.xml:53:17-77
	android:name
		ADDED from src/main/AndroidManifest.xml:53:27-74
activity#com.example.android.sunshine.app.DetailActivity
ADDED from src/main/AndroidManifest.xml:56:9-64:20
	android:label
		ADDED from src/main/AndroidManifest.xml:58:13-58
	android:theme
		ADDED from src/main/AndroidManifest.xml:60:13-52
	android:parentActivityName
		ADDED from src/main/AndroidManifest.xml:59:13-55
	android:name
		ADDED from src/main/AndroidManifest.xml:57:13-43
meta-data#android.support.PARENT_ACTIVITY
ADDED from src/main/AndroidManifest.xml:61:13-63:81
	android:name
		ADDED from src/main/AndroidManifest.xml:62:17-63
	android:value
		ADDED from src/main/AndroidManifest.xml:63:17-78
activity#com.example.android.sunshine.app.SettingsActivity
ADDED from src/main/AndroidManifest.xml:65:9-73:20
	android:label
		ADDED from src/main/AndroidManifest.xml:67:13-60
	android:theme
		ADDED from src/main/AndroidManifest.xml:69:13-49
	android:parentActivityName
		ADDED from src/main/AndroidManifest.xml:68:13-55
	android:name
		ADDED from src/main/AndroidManifest.xml:66:13-45
provider#com.example.android.sunshine.app.data.WeatherProvider
ADDED from src/main/AndroidManifest.xml:75:9-79:39
	android:syncable
		ADDED from src/main/AndroidManifest.xml:79:13-36
	android:exported
		ADDED from src/main/AndroidManifest.xml:78:13-37
	android:authorities
		ADDED from src/main/AndroidManifest.xml:77:13-60
	android:name
		ADDED from src/main/AndroidManifest.xml:76:13-49
service#com.example.android.sunshine.app.sync.SunshineAuthenticatorService
ADDED from src/main/AndroidManifest.xml:82:9-90:19
	android:name
		ADDED from src/main/AndroidManifest.xml:82:18-67
intent-filter#android.accounts.AccountAuthenticator
ADDED from src/main/AndroidManifest.xml:83:13-85:29
action#android.accounts.AccountAuthenticator
ADDED from src/main/AndroidManifest.xml:84:17-80
	android:name
		ADDED from src/main/AndroidManifest.xml:84:25-77
meta-data#android.accounts.AccountAuthenticator
ADDED from src/main/AndroidManifest.xml:87:13-89:57
	android:resource
		ADDED from src/main/AndroidManifest.xml:89:17-54
	android:name
		ADDED from src/main/AndroidManifest.xml:88:17-69
service#com.example.android.sunshine.app.sync.SunshineSyncService
ADDED from src/main/AndroidManifest.xml:93:9-103:19
	android:exported
		ADDED from src/main/AndroidManifest.xml:95:13-36
	android:name
		ADDED from src/main/AndroidManifest.xml:94:13-53
intent-filter#android.content.SyncAdapter
ADDED from src/main/AndroidManifest.xml:96:13-98:29
action#android.content.SyncAdapter
ADDED from src/main/AndroidManifest.xml:97:17-70
	android:name
		ADDED from src/main/AndroidManifest.xml:97:25-67
meta-data#android.content.SyncAdapter
ADDED from src/main/AndroidManifest.xml:100:13-102:55
	android:resource
		ADDED from src/main/AndroidManifest.xml:102:17-52
	android:name
		ADDED from src/main/AndroidManifest.xml:101:17-59
receiver#com.google.android.gms.gcm.GcmReceiver
ADDED from src/main/AndroidManifest.xml:106:9-116:20
	android:exported
		ADDED from src/main/AndroidManifest.xml:108:13-36
	android:permission
		ADDED from src/main/AndroidManifest.xml:109:13-73
	android:name
		ADDED from src/main/AndroidManifest.xml:107:13-66
intent-filter#com.example.android.sunshine.app+com.google.android.c2dm.intent.RECEIVE+com.google.android.c2dm.intent.REGISTRATION
ADDED from src/main/AndroidManifest.xml:110:13-115:29
action#com.google.android.c2dm.intent.RECEIVE
ADDED from src/main/AndroidManifest.xml:111:17-81
	android:name
		ADDED from src/main/AndroidManifest.xml:111:25-78
action#com.google.android.c2dm.intent.REGISTRATION
ADDED from src/main/AndroidManifest.xml:112:17-86
	android:name
		ADDED from src/main/AndroidManifest.xml:112:25-83
category#com.example.android.sunshine.app
ADDED from src/main/AndroidManifest.xml:114:17-77
	android:name
		ADDED from src/main/AndroidManifest.xml:114:27-74
receiver#com.example.android.sunshine.app.widget.TodayWidgetProvider
ADDED from src/main/AndroidManifest.xml:118:9-129:20
	android:label
		ADDED from src/main/AndroidManifest.xml:120:13-55
	android:name
		ADDED from src/main/AndroidManifest.xml:119:13-55
intent-filter#android.appwidget.action.APPWIDGET_UPDATE+com.example.android.sunshine.app.ACTION_DATA_UPDATED
ADDED from src/main/AndroidManifest.xml:121:13-124:29
action#android.appwidget.action.APPWIDGET_UPDATE
ADDED from src/main/AndroidManifest.xml:122:17-84
	android:name
		ADDED from src/main/AndroidManifest.xml:122:25-81
action#com.example.android.sunshine.app.ACTION_DATA_UPDATED
ADDED from src/main/AndroidManifest.xml:123:17-95
	android:name
		ADDED from src/main/AndroidManifest.xml:123:25-92
meta-data#android.appwidget.provider
ADDED from src/main/AndroidManifest.xml:126:13-128:61
	android:resource
		ADDED from src/main/AndroidManifest.xml:128:17-58
	android:name
		ADDED from src/main/AndroidManifest.xml:127:17-58
service#com.example.android.sunshine.app.widget.TodayWidgetIntentService
ADDED from src/main/AndroidManifest.xml:131:9-68
	android:name
		ADDED from src/main/AndroidManifest.xml:131:18-65
receiver#com.example.android.sunshine.app.widget.DetailWidgetProvider
ADDED from src/main/AndroidManifest.xml:133:9-145:20
	android:label
		ADDED from src/main/AndroidManifest.xml:136:13-56
	android:enabled
		ADDED from src/main/AndroidManifest.xml:135:13-58
	android:name
		ADDED from src/main/AndroidManifest.xml:134:13-56
service#com.example.android.sunshine.app.widget.DetailWidgetRemoteViewsService
ADDED from src/main/AndroidManifest.xml:147:9-151:72
	android:exported
		ADDED from src/main/AndroidManifest.xml:150:13-37
	android:enabled
		ADDED from src/main/AndroidManifest.xml:149:13-58
	android:permission
		ADDED from src/main/AndroidManifest.xml:151:13-69
	android:name
		ADDED from src/main/AndroidManifest.xml:148:13-66
service#gcm.MyGcmListenerService
ADDED from src/main/AndroidManifest.xml:152:9-158:19
	android:exported
		ADDED from src/main/AndroidManifest.xml:154:13-37
	android:name
		ADDED from src/main/AndroidManifest.xml:153:13-52
intent-filter#com.google.android.c2dm.intent.RECEIVE
ADDED from src/main/AndroidManifest.xml:155:13-157:29
service#gcm.MyInstanceIDListenerService
ADDED from src/main/AndroidManifest.xml:159:9-165:19
	android:exported
		ADDED from src/main/AndroidManifest.xml:161:13-37
	android:name
		ADDED from src/main/AndroidManifest.xml:160:13-59
intent-filter#com.google.android.gms.iid.InstanceID
ADDED from src/main/AndroidManifest.xml:162:13-164:29
action#com.google.android.gms.iid.InstanceID
ADDED from src/main/AndroidManifest.xml:163:17-80
	android:name
		ADDED from src/main/AndroidManifest.xml:163:25-77
service#com.example.android.sunshine.app.gcm.RegistrationIntentService
ADDED from src/main/AndroidManifest.xml:166:9-168:48
	android:exported
		ADDED from src/main/AndroidManifest.xml:168:13-37
	android:name
		ADDED from src/main/AndroidManifest.xml:167:13-58
uses-sdk
INJECTED from src/main/AndroidManifest.xml reason: use-sdk injection requested
MERGED from [com.google.android.gms:play-services-measurement:8.3.0] AndroidManifest.xml:18:5-42
MERGED from [com.google.android.gms:play-services-basement:8.3.0] AndroidManifest.xml:18:5-42
MERGED from [com.android.support:support-v4:23.3.0] AndroidManifest.xml:20:5-43
MERGED from [com.android.support:appcompat-v7:23.3.0] AndroidManifest.xml:21:5-23:78
MERGED from [com.android.support:support-vector-drawable:23.3.0] AndroidManifest.xml:5:5-43
MERGED from [com.android.support:support-v4:23.3.0] AndroidManifest.xml:20:5-43
MERGED from [com.android.support:animated-vector-drawable:23.3.0] AndroidManifest.xml:5:5-44
MERGED from [com.android.support:support-vector-drawable:23.3.0] AndroidManifest.xml:5:5-43
MERGED from [com.android.support:support-v4:23.3.0] AndroidManifest.xml:20:5-43
MERGED from [com.android.support:support-v4:23.3.0] AndroidManifest.xml:20:5-43
MERGED from [com.google.android.gms:play-services-gcm:8.3.0] AndroidManifest.xml:18:5-42
MERGED from [com.google.android.gms:play-services-base:8.3.0] AndroidManifest.xml:18:5-42
MERGED from [com.google.android.gms:play-services-basement:8.3.0] AndroidManifest.xml:18:5-42
MERGED from [com.android.support:support-v4:23.3.0] AndroidManifest.xml:20:5-43
MERGED from [com.google.android.gms:play-services-measurement:8.3.0] AndroidManifest.xml:18:5-42
MERGED from [com.google.android.gms:play-services-basement:8.3.0] AndroidManifest.xml:18:5-42
MERGED from [com.android.support:support-v4:23.3.0] AndroidManifest.xml:20:5-43
MERGED from [com.android.support:gridlayout-v7:23.3.0] AndroidManifest.xml:20:5-43
MERGED from [com.android.support:support-v4:23.3.0] AndroidManifest.xml:20:5-43
MERGED from [com.android.support:cardview-v7:23.3.0] AndroidManifest.xml:20:5-43
MERGED from [com.android.support:recyclerview-v7:23.3.0] AndroidManifest.xml:20:5-43
MERGED from [com.android.support:support-v4:23.3.0] AndroidManifest.xml:20:5-43
MERGED from [com.android.support:design:23.3.0] AndroidManifest.xml:20:5-43
MERGED from [com.android.support:appcompat-v7:23.3.0] AndroidManifest.xml:21:5-23:78
MERGED from [com.android.support:support-vector-drawable:23.3.0] AndroidManifest.xml:5:5-43
MERGED from [com.android.support:support-v4:23.3.0] AndroidManifest.xml:20:5-43
MERGED from [com.android.support:animated-vector-drawable:23.3.0] AndroidManifest.xml:5:5-44
MERGED from [com.android.support:support-vector-drawable:23.3.0] AndroidManifest.xml:5:5-43
MERGED from [com.android.support:support-v4:23.3.0] AndroidManifest.xml:20:5-43
MERGED from [com.android.support:support-v4:23.3.0] AndroidManifest.xml:20:5-43
MERGED from [com.android.support:support-v4:23.3.0] AndroidManifest.xml:20:5-43
MERGED from [com.android.support:recyclerview-v7:23.3.0] AndroidManifest.xml:20:5-43
MERGED from [com.android.support:support-v4:23.3.0] AndroidManifest.xml:20:5-43
	android:targetSdkVersion
		INJECTED from src/main/AndroidManifest.xml
		INJECTED from src/main/AndroidManifest.xml
	android:minSdkVersion
		INJECTED from src/main/AndroidManifest.xml
		INJECTED from src/main/AndroidManifest.xml
	tools:overrideLibrary
		ADDED from [com.android.support:appcompat-v7:23.3.0] AndroidManifest.xml:23:9-75
provider#com.google.android.gms.measurement.AppMeasurementContentProvider
ADDED from [com.google.android.gms:play-services-measurement:8.3.0] AndroidManifest.xml:28:7-31:37
MERGED from [com.google.android.gms:play-services-measurement:8.3.0] AndroidManifest.xml:28:7-31:37
	android:exported
		ADDED from [com.google.android.gms:play-services-measurement:8.3.0] AndroidManifest.xml:31:11-35
	android:authorities
		ADDED from [com.google.android.gms:play-services-measurement:8.3.0] AndroidManifest.xml:29:11-76
	android:name
		ADDED from [com.google.android.gms:play-services-measurement:8.3.0] AndroidManifest.xml:30:11-90
receiver#com.google.android.gms.measurement.AppMeasurementReceiver
ADDED from [com.google.android.gms:play-services-measurement:8.3.0] AndroidManifest.xml:33:7-39:18
MERGED from [com.google.android.gms:play-services-measurement:8.3.0] AndroidManifest.xml:33:7-39:18
	android:enabled
		ADDED from [com.google.android.gms:play-services-measurement:8.3.0] AndroidManifest.xml:35:11-33
	android:name
		ADDED from [com.google.android.gms:play-services-measurement:8.3.0] AndroidManifest.xml:34:11-83
intent-filter#com.google.android.gms.measurement.UPLOAD
ADDED from [com.google.android.gms:play-services-measurement:8.3.0] AndroidManifest.xml:36:9-38:25
action#com.google.android.gms.measurement.UPLOAD
ADDED from [com.google.android.gms:play-services-measurement:8.3.0] AndroidManifest.xml:37:11-77
	android:name
		ADDED from [com.google.android.gms:play-services-measurement:8.3.0] AndroidManifest.xml:37:19-75
service#com.google.android.gms.measurement.AppMeasurementService
ADDED from [com.google.android.gms:play-services-measurement:8.3.0] AndroidManifest.xml:41:7-44:37
MERGED from [com.google.android.gms:play-services-measurement:8.3.0] AndroidManifest.xml:41:7-44:37
	android:exported
		ADDED from [com.google.android.gms:play-services-measurement:8.3.0] AndroidManifest.xml:44:11-35
	android:enabled
		ADDED from [com.google.android.gms:play-services-measurement:8.3.0] AndroidManifest.xml:43:11-33
	android:name
		ADDED from [com.google.android.gms:play-services-measurement:8.3.0] AndroidManifest.xml:42:11-82
meta-data#com.google.android.gms.version
ADDED from [com.google.android.gms:play-services-basement:8.3.0] AndroidManifest.xml:21:9-23:69
MERGED from [com.google.android.gms:play-services-basement:8.3.0] AndroidManifest.xml:21:9-23:69
MERGED from [com.google.android.gms:play-services-basement:8.3.0] AndroidManifest.xml:21:9-23:69
	android:name
		ADDED from [com.google.android.gms:play-services-basement:8.3.0] AndroidManifest.xml:22:13-58
	android:value
		ADDED from [com.google.android.gms:play-services-basement:8.3.0] AndroidManifest.xml:23:13-66